<?xml version="1.0" encoding="UTF-8" ?>
<testsuites errors="1"
            failures="1"
            tests="1">

  <testsuite name="profile_test"
    errors="1" failures="1" hostname="" id="" package="profile_test" skipped="1"
    tests="1" time="28.56" timestamp="">
  
    <testcase name="case 1 : Add new profile" classname="profile_test" time="28.56" assertions="7">

    

    

    

    

    

      <failure message="Timed out while waiting for element &lt;#appMountPoint &gt; div &gt; div &gt; div:nth-child(1) &gt; div.bd.dark-background &gt; div.pinning-header &gt; div &gt; div &gt; div &gt; div:nth-child(4) &gt; div &gt; div.account-drop-down.sub-menu.theme-lakira &gt; div &gt; ul.sub-menu-list.profiles &gt; li.sub-menu-item.profile-link &gt; a&gt; to be present for 10000 milliseconds. - expected &#34;visible&#34; but got: &#34;not found&#34; (10235ms)">    at Object.case 1 : Add new profile (/home/seijuro/projets/cours/Nightwatch/profile_test.js:19:10)</failure>

    
    <error message="Timed out while waiting for element &lt;#appMountPoint &gt; div &gt; div &gt; div:nth-child(1) &gt; div.bd.dark-background &gt; div.pinning-header &gt; div &gt; div &gt; div &gt; div:nth-child(4) &gt; div &gt; div.account-drop-down.sub-menu.theme-lakira &gt; div &gt; ul.sub-menu-list.profiles &gt; li.sub-menu-item.profile-link &gt; a&gt; to be present for 10000 milliseconds. - expected [0;32m&#34;visible&#34;[0m but got: [0;31m&#34;not found&#34;[0m [0;90m(10235ms)[0m" type="error"><![CDATA[
    Error
    at Object.case 1 : Add new profile (/home/seijuro/projets/cours/Nightwatch/profile_test.js:19:10)
    at Context.call (/home/seijuro/.nvm/versions/node/v14.4.0/lib/node_modules/nightwatch/lib/testsuite/context.js:430:35)
    at TestCase.run (/home/seijuro/.nvm/versions/node/v14.4.0/lib/node_modules/nightwatch/lib/testsuite/testcase.js:58:31)
    at Runnable.__runFn (/home/seijuro/.nvm/versions/node/v14.4.0/lib/node_modules/nightwatch/lib/testsuite/index.js:655:80)
    at Runnable.run (/home/seijuro/.nvm/versions/node/v14.4.0/lib/node_modules/nightwatch/lib/testsuite/runnable.js:126:21)
    at TestSuite.createRunnable (/home/seijuro/.nvm/versions/node/v14.4.0/lib/node_modules/nightwatch/lib/testsuite/index.js:762:33)
    at TestSuite.handleRunnable (/home/seijuro/.nvm/versions/node/v14.4.0/lib/node_modules/nightwatch/lib/testsuite/index.js:767:33)
    at /home/seijuro/.nvm/versions/node/v14.4.0/lib/node_modules/nightwatch/lib/testsuite/index.js:655:21
    at processTicksAndRejections (internal/process/task_queues.js:97:5)
    at async DefaultRunner.runTestSuite (/home/seijuro/.nvm/versions/node/v14.4.0/lib/node_modules/nightwatch/lib/runner/test-runners/default.js:73:7)
    ]]></error>
    
    </testcase>
  

  
    <system-err>
       NoSuchElementError: An error occurred while running .moveToElement() command on &lt;div[.account-dropdown-button]&gt;: Timed out while waiting for element &#34;div[.account-dropdown-button]&#34; with &#34;css selector&#34; to be present for 5000 milliseconds.
 {&#34;error&#34;:{&#34;name&#34;:&#34;InvalidSelectorError&#34;,&#34;remoteStacktrace&#34;:&#34;&#34;},&#34;status&#34;:-1,&#34;value&#34;:null}
       at Object.case 1 : Add new profile (/home/seijuro/projets/cours/Nightwatch/profile_test.js:17:10)
    </system-err>
  

    

  
    
    <testcase
      name="case 1 : Delete profile" classname="profile_test">
      <skipped />
    </testcase>
    
  
  </testsuite>
</testsuites>
